<?xml version="1.0" encoding="UTF-8"?>
<testsuite xmlns:xsi="http://www.w3.org/2001/XMLSchema-instance" xsi:noNamespaceSchemaLocation="https://maven.apache.org/surefire/maven-surefire-plugin/xsd/surefire-test-report.xsd" version="3.0.1" name="ru.job4j.collection.RevertLinkedTest" time="0.007" tests="3" errors="0" skipped="0" failures="0">
  <properties>
[...]
</properties>
  <testcase name="whenSize1ThenReturnFalse" classname="ru.job4j.collection.RevertLinkedTest" time="0.007"/>
  <testcase name="whenSize0ThenReturnFalse" classname="ru.job4j.collection.RevertLinkedTest" time="0.0"/>
  <testcase name="whenAddAndRevertTrue" classname="ru.job4j.collection.RevertLinkedTest" time="0.0"/>
</testsuite>